
 Program INTEGRAL. Example 1.                                           PAGE  1
 Crack in an integrally stiffened panel.
 Material: 2024 T351.
 Uniform attachment. 1 row with 20 attach points per stringer.

 ***********************************
 *                                 *
 *   <<< I N P U T   D A T A >>>   *
 *                                 *
 ***********************************

 SKIN DATA:
 ==========
 Young's modulus..............:        73800.00
 Poisson's ratio..............:            0.33
 Thickness....................:            2.00
 Fracture toughness Kc........:         3800.00
 Lateral stiffener spacing....:          500.00

 APPLIED STRESSES:
 =================
 Average axial stress.........:          200.00
 Lateral-axial stress ratio...:            0.50

 STIFFENERS DATA:                  STIFFENER  1    STIFFENER  2
 ================                  ------------    ------------
 X-coordinate.................:           50.00          150.00
 Uniform attachment system:
    Number of rows............:               1               1
    Number of points per row..:              20              20
    Attachment pitch..........:            3.00            3.00
    Attachment width..........:            3.00            3.00
 Thickness at attachment......:            3.00            3.00
 Mid line length..............:           50.00           50.00
 Area.........................:          150.00          150.00
 Moment of inertia............:        32250.00        32250.00
 Distance from CG to outer cap:           25.00           25.00
 Distance from CG to inner cap:           25.00           25.00

 Program INTEGRAL. Example 1.                                           PAGE  2
 Crack in an integrally stiffened panel.
 Material: 2024 T351.
 Uniform attachment. 1 row with 20 attach points per stringer.

 ***********************************************
 *                                             *
 *   <<< R E S U L T S   F O R   S K I N >>>   *
 *                                             *
 ***********************************************

 APPLIED STRESSES:
 =================
 Average axial stress (YD).......:      200.00
 Ratio of stresses (XD/YD).......:        0.50
 Unit axial skin stress..........:      214.14
 Unit lateral skin stress........:      100.00

  HALF CRACK    STRESS IN THE     BETA      RESIDUAL     STRESS     STIFFENERS
    LENGTH        FAR FIELD      FACTOR     STRENGTH    INTENSITY     STATUS
 ------------   -------------   --------   ----------   ---------   ----------
         0.00          214.14    1.00000   *******.**        0.00   II
        10.00          214.14    0.99757       634.73     1197.36   II
        20.00          214.14    0.98905       452.69     1678.85   II
        30.00          214.14    0.96956       377.05     2015.65   II
        40.00          214.14    0.92090       343.79     2210.65   II
        48.50          214.14    0.69873       411.49     1846.96   II
        50.00          214.14    0.75957       372.80     2038.61   TI
        60.00          214.14    1.06221       243.36     3122.96   TI
        70.00          214.14    1.27175       188.19     4038.57   TI
        80.00          214.14    1.39561       160.41     4737.91   TI
        90.00          214.14    1.44858       145.70     5216.04   TI
       100.00          214.14    1.43277       139.75     5438.21   XI
       110.00          214.14    1.37810       138.53     5485.99   XI
       120.00          214.14    1.32280       138.18     5500.03   XI
       130.00          214.14    1.25810       139.59     5444.58   XI
       140.00          214.14    1.15908       146.00     5205.42   XI
       148.50          214.14    0.84166       195.22     3892.97   XI
       150.00          214.14    0.89654       182.36     4167.69   XT
       160.00          214.14    1.16949       135.36     5614.83   XT
       170.00          214.14    1.35847       113.05     6722.86   XT
       180.00          214.14    1.47018       101.51     7486.64   XT
       190.00          214.14    1.51796        95.70     7941.73   XT
       200.00          214.14    1.50370        94.16     8071.53   XX

 Beta factors refered to the unit axial skin stress.

 Residual strength is based on the reference stress.

 Key for stiffeners status: I=Intact
                            T=Transición
                            X=Failed

 Program INTEGRAL. Example 1.                                           PAGE  3
 Crack in an integrally stiffened panel.
 Material: 2024 T351.
 Uniform attachment. 1 row with 20 attach points per stringer.

 ****************************************************************************
 *                                                                          *
 *   <<< R E S U L T S   F O R   S T I F F E N E R   A T   X =  50.00 >>>   *
 *                                                                          *
 ****************************************************************************

 Unit stiffener stress:      181.14

                                                STRESSES
 HALF CRACK     AXIAL     BENDING   ---------------------------------
   LENGTH       FORCE     MOMENT    OUTER CAP     AXIAL     INNER CAP
 ----------    -------   --------   ---------   ---------   ---------
       0.00    27171.4        0.0      181.14      181.14      181.14
      10.00    27312.7     2396.2      183.94      182.08      180.23
      20.00    27779.4    10519.3      193.35      185.20      177.04
      30.00    28741.1    28232.6      213.49      191.61      169.72
      40.00    30750.6    69066.0      258.54      205.00      151.46
      48.50    36160.7   194997.4      392.23      241.07       89.91
      50.00        0.0        0.0        0.00        0.00        0.00
      60.00        0.0        0.0        0.00        0.00        0.00
      70.00        0.0        0.0        0.00        0.00        0.00
      80.00        0.0        0.0        0.00        0.00        0.00
      90.00        0.0        0.0        0.00        0.00        0.00
     100.00        0.0        0.0        0.00        0.00        0.00
     110.00        0.0        0.0        0.00        0.00        0.00
     120.00        0.0        0.0        0.00        0.00        0.00
     130.00        0.0        0.0        0.00        0.00        0.00
     140.00        0.0        0.0        0.00        0.00        0.00
     148.50        0.0        0.0        0.00        0.00        0.00
     150.00        0.0        0.0        0.00        0.00        0.00
     160.00        0.0        0.0        0.00        0.00        0.00
     170.00        0.0        0.0        0.00        0.00        0.00
     180.00        0.0        0.0        0.00        0.00        0.00
     190.00        0.0        0.0        0.00        0.00        0.00
     200.00        0.0        0.0        0.00        0.00        0.00

 Loads and stresses for stiffener at Y = 0.

 Program INTEGRAL. Example 1.                                           PAGE  4
 Crack in an integrally stiffened panel.
 Material: 2024 T351.
 Uniform attachment. 1 row with 20 attach points per stringer.

 ****************************************************************************
 *                                                                          *
 *   <<< R E S U L T S   F O R   S T I F F E N E R   A T   X = 150.00 >>>   *
 *                                                                          *
 ****************************************************************************

 Unit stiffener stress:      181.14

                                                STRESSES
 HALF CRACK     AXIAL     BENDING   ---------------------------------
   LENGTH       FORCE     MOMENT    OUTER CAP     AXIAL     INNER CAP
 ----------    -------   --------   ---------   ---------   ---------
       0.00    27171.4        0.0      181.14      181.14      181.14
      10.00    27183.3      197.3      181.37      181.22      181.07
      20.00    27219.0      792.0      182.07      181.46      180.85
      30.00    27279.0     1790.4      183.25      181.86      180.47
      40.00    27362.6     3188.7      184.89      182.42      179.95
      48.50    27442.5     4538.8      186.47      182.95      179.43
      50.00    27730.2     9272.1      192.06      184.87      177.68
      60.00    29033.9    30723.7      217.38      193.56      169.74
      70.00    29855.8    44247.9      233.34      199.04      164.74
      80.00    30395.1    53121.7      243.81      202.63      161.45
      90.00    30745.5    58886.3      250.62      204.97      159.32
     100.00    30879.0    61083.1      253.21      205.86      158.51
     110.00    32090.4    81388.9      277.03      213.94      150.84
     120.00    33713.6   109632.9      309.74      224.76      139.77
     130.00    36345.7   158234.0      364.97      242.30      119.64
     140.00    41324.9   259315.0      476.52      275.50       74.48
     148.50    53728.9   549838.5      784.42      358.19      -68.04
     150.00        0.0        0.0        0.00        0.00        0.00
     160.00        0.0        0.0        0.00        0.00        0.00
     170.00        0.0        0.0        0.00        0.00        0.00
     180.00        0.0        0.0        0.00        0.00        0.00
     190.00        0.0        0.0        0.00        0.00        0.00
     200.00        0.0        0.0        0.00        0.00        0.00

 Loads and stresses for stiffener at Y = 0.

 Program INTEGRAL. Example 1.                                           PAGE  5
 Crack in an integrally stiffened panel.
 Material: 2024 T351.
 Uniform attachment. 1 row with 20 attach points per stringer.

 *********************************************************************
 *                                                                   *
 *   <<< F O R C E S   O N   A T T A C H M E N T   P O I N T S >>>   *
 *                                                                   *
 *********************************************************************

 Half crack length:   0.000


 A. POINT    X =  50.00    X = 150.00
 --------    ----------    ----------
     1             -0.0          -0.0
     2             -0.0           0.0
     3              0.0           0.0
     4             -0.0          -0.0
     5              0.0           0.0
     6             -0.0          -0.0
     7             -0.0          -0.0
     8              0.0           0.0
     9             -0.0          -0.0
    10              0.0           0.0
    11             -0.0          -0.0
    12              0.0           0.0
    13              0.0          -0.0
    14             -0.0           0.0
    15              0.0          -0.0
    16             -0.0           0.0
    17             -0.0           0.0
    18              0.0          -0.0
    19             -0.0           0.0
    20             -0.0          -0.0

 Positive attachment forces induce compression in the skin.

 Program INTEGRAL. Example 1.                                           PAGE  6
 Crack in an integrally stiffened panel.
 Material: 2024 T351.
 Uniform attachment. 1 row with 20 attach points per stringer.

 *********************************************************************
 *                                                                   *
 *   <<< F O R C E S   O N   A T T A C H M E N T   P O I N T S >>>   *
 *                                                                   *
 *********************************************************************

 Half crack length:  10.000


 A. POINT    X =  50.00    X = 150.00
 --------    ----------    ----------
     1             -1.2          -0.0
     2             -3.3          -0.0
     3             -4.8          -0.1
     4             -5.5          -0.1
     5             -5.3          -0.1
     6             -4.3          -0.1
     7             -2.6          -0.1
     8             -0.4          -0.1
     9              1.9          -0.1
    10              4.1          -0.1
    11              6.2          -0.1
    12              8.0          -0.0
    13              9.5           0.0
    14             10.7           0.1
    15             11.8           0.3
    16             12.8           0.4
    17             13.9           0.7
    18             15.8           1.2
    19             19.1           1.9
    20             54.8           8.3

 Positive attachment forces induce compression in the skin.

 Program INTEGRAL. Example 1.                                           PAGE  7
 Crack in an integrally stiffened panel.
 Material: 2024 T351.
 Uniform attachment. 1 row with 20 attach points per stringer.

 *********************************************************************
 *                                                                   *
 *   <<< F O R C E S   O N   A T T A C H M E N T   P O I N T S >>>   *
 *                                                                   *
 *********************************************************************

 Half crack length:  20.000


 A. POINT    X =  50.00    X = 150.00
 --------    ----------    ----------
     1             -5.9          -0.1
     2            -16.3          -0.2
     3            -22.9          -0.3
     4            -24.3          -0.4
     5            -20.7          -0.5
     6            -13.2          -0.5
     7             -3.4          -0.6
     8              7.2          -0.5
     9             17.4          -0.5
    10             26.4          -0.4
    11             33.9          -0.3
    12             39.8          -0.1
    13             44.2           0.2
    14             47.4           0.5
    15             49.9           1.0
    16             52.4           1.8
    17             55.5           2.9
    18             61.4           4.6
    19             73.2           7.8
    20            205.7          33.2

 Positive attachment forces induce compression in the skin.

 Program INTEGRAL. Example 1.                                           PAGE  8
 Crack in an integrally stiffened panel.
 Material: 2024 T351.
 Uniform attachment. 1 row with 20 attach points per stringer.

 *********************************************************************
 *                                                                   *
 *   <<< F O R C E S   O N   A T T A C H M E N T   P O I N T S >>>   *
 *                                                                   *
 *********************************************************************

 Half crack length:  30.000


 A. POINT    X =  50.00    X = 150.00
 --------    ----------    ----------
     1            -21.2          -0.1
     2            -54.5          -0.4
     3            -65.6          -0.6
     4            -53.4          -0.8
     5            -25.9          -1.0
     6              7.3          -1.2
     7             39.1          -1.2
     8             65.7          -1.2
     9             86.0          -1.1
    10            100.2          -1.0
    11            109.2          -0.7
    12            114.2          -0.2
    13            116.3           0.4
    14            116.7           1.3
    15            116.4           2.4
    16            116.6           4.1
    17            119.2           6.5
    18            127.9          10.5
    19            148.6          17.5
    20            406.9          74.4

 Positive attachment forces induce compression in the skin.

 Program INTEGRAL. Example 1.                                           PAGE  9
 Crack in an integrally stiffened panel.
 Material: 2024 T351.
 Uniform attachment. 1 row with 20 attach points per stringer.

 *********************************************************************
 *                                                                   *
 *   <<< F O R C E S   O N   A T T A C H M E N T   P O I N T S >>>   *
 *                                                                   *
 *********************************************************************

 Half crack length:  40.000


 A. POINT    X =  50.00    X = 150.00
 --------    ----------    ----------
     1            -95.1          -0.2
     2           -164.7          -0.6
     3            -68.2          -1.1
     4             67.5          -1.4
     5            169.0          -1.7
     6            228.0          -2.0
     7            255.9          -2.1
     8            264.3          -2.1
     9            261.3          -1.9
    10            252.0          -1.5
    11            239.6          -1.0
    12            226.0          -0.2
    13            212.6           0.9
    14            200.3           2.4
    15            189.9           4.5
    16            182.7           7.4
    17            180.7          11.7
    18            188.5          18.7
    19            214.4          30.8
    20            574.7         130.5

 Positive attachment forces induce compression in the skin.

 Program INTEGRAL. Example 1.                                           PAGE 10
 Crack in an integrally stiffened panel.
 Material: 2024 T351.
 Uniform attachment. 1 row with 20 attach points per stringer.

 *********************************************************************
 *                                                                   *
 *   <<< F O R C E S   O N   A T T A C H M E N T   P O I N T S >>>   *
 *                                                                   *
 *********************************************************************

 Half crack length:  48.500


 A. POINT    X =  50.00    X = 150.00
 --------    ----------    ----------
     1            243.2          -0.3
     2           1248.7          -0.8
     3           1015.2          -1.4
     4            823.9          -1.9
     5            684.8          -2.3
     6            580.6          -2.6
     7            500.1          -2.7
     8            436.1          -2.6
     9            384.3          -2.3
    10            341.5          -1.8
    11            305.8          -1.0
    12            275.8           0.1
    13            250.8           1.7
    14            230.1           3.8
    15            213.9           6.7
    16            202.5          10.7
    17            197.9          16.6
    18            204.6          26.4
    19            231.4          43.3
    20            618.2         181.6

 Positive attachment forces induce compression in the skin.

 Program INTEGRAL. Example 1.                                           PAGE 11
 Crack in an integrally stiffened panel.
 Material: 2024 T351.
 Uniform attachment. 1 row with 20 attach points per stringer.

 *********************************************************************
 *                                                                   *
 *   <<< F O R C E S   O N   A T T A C H M E N T   P O I N T S >>>   *
 *                                                                   *
 *********************************************************************

 Half crack length:  50.000


 A. POINT    X =  50.00    X = 150.00
 --------    ----------    ----------
     1            175.2          -1.1
     2           1094.0          -3.2
     3            907.2          -5.2
     4            731.9          -6.8
     5            602.5          -8.0
     6            504.3          -8.5
     7            427.3          -8.4
     8            364.9          -7.6
     9            313.2          -6.3
    10            269.2          -4.3
    11            231.1          -1.6
    12            197.4           1.7
    13            167.0           5.8
    14            138.6          11.0
    15            111.3          17.5
    16             83.4          26.1
    17             52.7          38.4
    18             14.1          58.1
    19            -41.0          91.7
    20           -382.0         369.4

 Positive attachment forces induce compression in the skin.

 Program INTEGRAL. Example 1.                                           PAGE 12
 Crack in an integrally stiffened panel.
 Material: 2024 T351.
 Uniform attachment. 1 row with 20 attach points per stringer.

 *********************************************************************
 *                                                                   *
 *   <<< F O R C E S   O N   A T T A C H M E N T   P O I N T S >>>   *
 *                                                                   *
 *********************************************************************

 Half crack length:  60.000


 A. POINT    X =  50.00    X = 150.00
 --------    ----------    ----------
     1           -132.6          -4.7
     2            393.2         -14.2
     3            417.9         -22.7
     4            315.1         -29.3
     5            229.7         -33.6
     6            158.9         -35.3
     7             97.6         -34.2
     8             42.2         -30.4
     9             -9.1         -24.1
    10            -58.4         -15.3
    11           -107.3          -4.3
    12           -157.9           9.0
    13           -212.8          24.7
    14           -276.1          43.5
    15           -353.8          66.4
    16           -456.6          96.0
    17           -605.3         137.0
    18           -849.6         201.7
    19          -1275.7         311.4
    20          -4915.4        1220.9

 Positive attachment forces induce compression in the skin.

 Program INTEGRAL. Example 1.                                           PAGE 13
 Crack in an integrally stiffened panel.
 Material: 2024 T351.
 Uniform attachment. 1 row with 20 attach points per stringer.

 *********************************************************************
 *                                                                   *
 *   <<< F O R C E S   O N   A T T A C H M E N T   P O I N T S >>>   *
 *                                                                   *
 *********************************************************************

 Half crack length:  70.000


 A. POINT    X =  50.00    X = 150.00
 --------    ----------    ----------
     1           -326.7          -7.0
     2            -48.6         -21.1
     3            109.4         -33.6
     4             52.3         -43.5
     5             -5.4         -49.8
     6            -58.9         -52.2
     7           -110.3         -50.5
     8           -161.3         -44.8
     9           -212.3         -35.3
    10           -265.0         -22.3
    11           -320.6          -6.0
    12           -382.0          13.6
    13           -452.3          36.6
    14           -537.6          64.0
    15           -647.0          97.3
    16           -797.0         140.0
    17          -1020.2         199.1
    18          -1394.1         292.2
    19          -2054.1         449.9
    20          -7773.4        1757.7

 Positive attachment forces induce compression in the skin.

 Program INTEGRAL. Example 1.                                           PAGE 14
 Crack in an integrally stiffened panel.
 Material: 2024 T351.
 Uniform attachment. 1 row with 20 attach points per stringer.

 *********************************************************************
 *                                                                   *
 *   <<< F O R C E S   O N   A T T A C H M E N T   P O I N T S >>>   *
 *                                                                   *
 *********************************************************************

 Half crack length:  80.000


 A. POINT    X =  50.00    X = 150.00
 --------    ----------    ----------
     1           -454.0          -8.5
     2           -338.5         -25.6
     3            -93.0         -40.9
     4           -120.1         -52.8
     5           -159.6         -60.5
     6           -201.8         -63.3
     7           -246.7         -61.2
     8           -294.8         -54.2
     9           -345.6         -42.6
    10           -400.5         -26.8
    11           -460.6          -7.1
    12           -529.0          16.6
    13           -609.4          44.5
    14           -709.2          77.4
    15           -839.4         117.6
    16          -1020.4         168.9
    17          -1292.4         239.9
    18          -1751.4         351.6
    19          -2564.8         540.8
    20          -9648.7        2109.9

 Positive attachment forces induce compression in the skin.

 Program INTEGRAL. Example 1.                                           PAGE 15
 Crack in an integrally stiffened panel.
 Material: 2024 T351.
 Uniform attachment. 1 row with 20 attach points per stringer.

 *********************************************************************
 *                                                                   *
 *   <<< F O R C E S   O N   A T T A C H M E N T   P O I N T S >>>   *
 *                                                                   *
 *********************************************************************

 Half crack length:  90.000


 A. POINT    X =  50.00    X = 150.00
 --------    ----------    ----------
     1           -536.8          -9.5
     2           -526.8         -28.5
     3           -224.5         -45.5
     4           -232.1         -58.8
     5           -259.8         -67.4
     6           -294.6         -70.5
     7           -335.3         -68.2
     8           -381.6         -60.3
     9           -432.2         -47.4
    10           -488.6         -29.8
    11           -551.6          -7.8
    12           -624.4          18.6
    13           -711.5          49.5
    14           -820.6          86.2
    15           -964.3         130.7
    16          -1165.5         187.7
    17          -1469.2         266.4
    18          -1983.5         390.2
    19          -2896.6         599.8
    20         -10866.9        2338.7

 Positive attachment forces induce compression in the skin.

 Program INTEGRAL. Example 1.                                           PAGE 16
 Crack in an integrally stiffened panel.
 Material: 2024 T351.
 Uniform attachment. 1 row with 20 attach points per stringer.

 *********************************************************************
 *                                                                   *
 *   <<< F O R C E S   O N   A T T A C H M E N T   P O I N T S >>>   *
 *                                                                   *
 *********************************************************************

 Half crack length: 100.000


 A. POINT    X =  50.00    X = 150.00
 --------    ----------    ----------
     1           -568.3          -9.8
     2           -598.6         -29.7
     3           -274.6         -47.3
     4           -274.8         -61.1
     5           -298.0         -70.0
     6           -330.0         -73.3
     7           -369.1         -70.8
     8           -414.6         -62.7
     9           -465.3         -49.2
    10           -522.1         -30.9
    11           -586.2          -8.0
    12           -660.8          19.3
    13           -750.4          51.5
    14           -863.1          89.5
    15          -1012.0         135.7
    16          -1220.8         194.8
    17          -1536.6         276.5
    18          -2072.0         404.9
    19          -3023.0         622.3
    20         -11331.2        2425.9

 Positive attachment forces induce compression in the skin.

 Program INTEGRAL. Example 1.                                           PAGE 17
 Crack in an integrally stiffened panel.
 Material: 2024 T351.
 Uniform attachment. 1 row with 20 attach points per stringer.

 *********************************************************************
 *                                                                   *
 *   <<< F O R C E S   O N   A T T A C H M E N T   P O I N T S >>>   *
 *                                                                   *
 *********************************************************************

 Half crack length: 110.000


 A. POINT    X =  50.00    X = 150.00
 --------    ----------    ----------
     1            174.7         -17.1
     2           -988.2         -50.7
     3           -495.1         -78.9
     4           -373.2         -98.3
     5           -337.3        -107.3
     6           -340.3        -105.6
     7           -361.4         -93.9
     8           -395.0         -73.6
     9           -437.7         -46.4
    10           -489.4         -13.8
    11           -551.1          23.0
    12           -625.1          63.5
    13           -716.5         107.9
    14           -832.8         157.6
    15           -987.1         215.4
    16          -1203.7         287.4
    17          -1530.1         385.7
    18          -2081.2         540.1
    19          -3057.7         802.7
    20         -11543.2        3021.2

 Positive attachment forces induce compression in the skin.

 Program INTEGRAL. Example 1.                                           PAGE 18
 Crack in an integrally stiffened panel.
 Material: 2024 T351.
 Uniform attachment. 1 row with 20 attach points per stringer.

 *********************************************************************
 *                                                                   *
 *   <<< F O R C E S   O N   A T T A C H M E N T   P O I N T S >>>   *
 *                                                                   *
 *********************************************************************

 Half crack length: 120.000


 A. POINT    X =  50.00    X = 150.00
 --------    ----------    ----------
     1          -2290.0         -32.1
     2             43.0         -92.5
     3           -127.4        -136.4
     4           -175.5        -157.5
     5           -213.8        -155.0
     6           -249.6        -132.0
     7           -287.9         -94.1
     8           -329.9         -46.7
     9           -377.6           5.3
    10           -431.9          58.8
    11           -495.9         112.1
    12           -571.9         164.9
    13           -665.4         218.1
    14           -784.1         274.1
    15           -941.6         337.2
    16          -1161.6         415.1
    17          -1492.4         522.5
    18          -2048.9         695.0
    19          -3032.2         993.3
    20         -11536.8        3592.4

 Positive attachment forces induce compression in the skin.

 Program INTEGRAL. Example 1.                                           PAGE 19
 Crack in an integrally stiffened panel.
 Material: 2024 T351.
 Uniform attachment. 1 row with 20 attach points per stringer.

 *********************************************************************
 *                                                                   *
 *   <<< F O R C E S   O N   A T T A C H M E N T   P O I N T S >>>   *
 *                                                                   *
 *********************************************************************

 Half crack length: 130.000


 A. POINT    X =  50.00    X = 150.00
 --------    ----------    ----------
     1          -2320.2         -73.5
     2              9.1        -195.1
     3           -125.7        -249.6
     4           -176.2        -231.9
     5           -212.8        -162.8
     6           -248.4         -69.0
     7           -284.4          28.6
     8           -323.6         118.4
     9           -368.9         195.9
    10           -421.1         260.9
    11           -482.6         315.7
    12           -557.2         363.6
    13           -649.9         408.4
    14           -768.3         455.0
    15           -926.2         509.3
    16          -1148.2         581.1
    17          -1481.7         687.6
    18          -2043.8         869.5
    19          -3036.4        1196.3
    20         -11605.0        4165.9

 Positive attachment forces induce compression in the skin.

 Program INTEGRAL. Example 1.                                           PAGE 20
 Crack in an integrally stiffened panel.
 Material: 2024 T351.
 Uniform attachment. 1 row with 20 attach points per stringer.

 *********************************************************************
 *                                                                   *
 *   <<< F O R C E S   O N   A T T A C H M E N T   P O I N T S >>>   *
 *                                                                   *
 *********************************************************************

 Half crack length: 140.000


 A. POINT    X =  50.00    X = 150.00
 --------    ----------    ----------
     1            144.1        -254.6
     2           -813.6        -464.3
     3           -565.0        -253.7
     4           -429.6          68.9
     5           -376.6         320.9
     6           -360.1         478.3
     7           -366.0         565.5
     8           -386.9         608.8
     9           -417.6         627.0
    10           -460.8         632.3
    11           -514.6         632.6
    12           -583.8         633.3
    13           -672.3         638.7
    14           -788.3         653.4
    15           -945.4         683.1
    16          -1168.1         737.2
    17          -1505.3         834.1
    18          -2075.6        1017.4
    19          -3084.6        1363.4
    20         -11801.2        4631.3

 Positive attachment forces induce compression in the skin.

 Program INTEGRAL. Example 1.                                           PAGE 21
 Crack in an integrally stiffened panel.
 Material: 2024 T351.
 Uniform attachment. 1 row with 20 attach points per stringer.

 *********************************************************************
 *                                                                   *
 *   <<< F O R C E S   O N   A T T A C H M E N T   P O I N T S >>>   *
 *                                                                   *
 *********************************************************************

 Half crack length: 148.500


 A. POINT    X =  50.00    X = 150.00
 --------    ----------    ----------
     1          -1330.4         588.3
     2            -72.9        2995.8
     3           -333.3        2300.9
     4           -323.9        1804.6
     5           -311.9        1486.4
     6           -319.4        1266.2
     7           -335.7        1105.2
     8           -360.7         983.8
     9           -396.3         890.8
    10           -440.9         819.7
    11           -496.7         766.9
    12           -566.2         729.9
    13           -655.5         708.5
    14           -771.8         703.8
    15           -929.0         719.5
    16          -1151.8         763.6
    17          -1489.1         853.4
    18          -2058.8        1032.4
    19          -3066.2        1376.4
    20         -11761.0        4661.2

 Positive attachment forces induce compression in the skin.

 Program INTEGRAL. Example 1.                                           PAGE 22
 Crack in an integrally stiffened panel.
 Material: 2024 T351.
 Uniform attachment. 1 row with 20 attach points per stringer.

 *********************************************************************
 *                                                                   *
 *   <<< F O R C E S   O N   A T T A C H M E N T   P O I N T S >>>   *
 *                                                                   *
 *********************************************************************

 Half crack length: 150.000


 A. POINT    X =  50.00    X = 150.00
 --------    ----------    ----------
     1          -1141.1         613.1
     2           -212.6        2612.6
     3           -378.5        2044.7
     4           -345.9        1610.8
     5           -324.2        1327.1
     6           -325.8        1127.2
     7           -339.3         978.4
     8           -362.4         864.2
     9           -396.6         775.0
    10           -440.3         705.1
    11           -495.3         651.3
    12           -564.2         611.3
    13           -653.1         584.3
    14           -768.8         571.0
    15           -925.7         573.5
    16          -1148.0         597.4
    17          -1484.9         654.8
    18          -2054.2         776.5
    19          -3060.9        1016.6
    20         -11749.5        3364.9

 Positive attachment forces induce compression in the skin.

 Program INTEGRAL. Example 1.                                           PAGE 23
 Crack in an integrally stiffened panel.
 Material: 2024 T351.
 Uniform attachment. 1 row with 20 attach points per stringer.

 *********************************************************************
 *                                                                   *
 *   <<< F O R C E S   O N   A T T A C H M E N T   P O I N T S >>>   *
 *                                                                   *
 *********************************************************************

 Half crack length: 160.000


 A. POINT    X =  50.00    X = 150.00
 --------    ----------    ----------
     1           -283.0         725.7
     2           -845.6         875.9
     3           -583.8         883.3
     4           -445.7         732.2
     5           -380.2         604.9
     6           -354.5         496.8
     7           -355.8         403.6
     8           -370.3         322.0
     9           -398.1         250.2
    10           -437.5         185.8
    11           -489.0         127.8
    12           -555.1          73.7
    13           -641.9          21.6
    14           -755.3         -31.0
    15           -910.4         -88.1
    16          -1131.0        -155.6
    17          -1466.3        -245.2
    18          -2033.3        -382.9
    19          -3037.3        -614.4
    20         -11697.2       -2510.1

 Positive attachment forces induce compression in the skin.

 Program INTEGRAL. Example 1.                                           PAGE 24
 Crack in an integrally stiffened panel.
 Material: 2024 T351.
 Uniform attachment. 1 row with 20 attach points per stringer.

 *********************************************************************
 *                                                                   *
 *   <<< F O R C E S   O N   A T T A C H M E N T   P O I N T S >>>   *
 *                                                                   *
 *********************************************************************

 Half crack length: 170.000


 A. POINT    X =  50.00    X = 150.00
 --------    ----------    ----------
     1            258.0         796.7
     2          -1244.8        -219.0
     3           -713.2         151.1
     4           -508.6         178.4
     5           -415.5         149.6
     6           -372.6          99.4
     7           -366.2          41.2
     8           -375.2         -19.7
     9           -399.1         -80.6
    10           -435.8        -141.5
    11           -485.1        -202.3
    12           -549.4        -265.3
    13           -634.9        -333.1
    14           -746.8        -410.6
    15           -900.9        -505.2
    16          -1120.2        -630.4
    17          -1454.6        -812.6
    18          -2020.2       -1113.8
    19          -3022.3       -1642.6
    20         -11664.3       -6214.0

 Positive attachment forces induce compression in the skin.

 Program INTEGRAL. Example 1.                                           PAGE 25
 Crack in an integrally stiffened panel.
 Material: 2024 T351.
 Uniform attachment. 1 row with 20 attach points per stringer.

 *********************************************************************
 *                                                                   *
 *   <<< F O R C E S   O N   A T T A C H M E N T   P O I N T S >>>   *
 *                                                                   *
 *********************************************************************

 Half crack length: 180.000


 A. POINT    X =  50.00    X = 150.00
 --------    ----------    ----------
     1            613.0         843.2
     2          -1506.6        -937.5
     3           -798.0        -329.4
     4           -549.8        -185.0
     5           -438.6        -149.2
     6           -384.4        -161.3
     7           -373.1        -196.5
     8           -378.4        -244.0
     9           -399.7        -297.7
    10           -434.6        -356.3
    11           -482.5        -418.9
    12           -545.6        -487.7
    13           -630.3        -565.9
    14           -741.2        -659.6
    15           -894.6        -778.9
    16          -1113.2        -941.9
    17          -1446.9       -1184.9
    18          -2011.6       -1593.4
    19          -3012.6       -2317.3
    20         -11642.7       -8644.3

 Positive attachment forces induce compression in the skin.

 Program INTEGRAL. Example 1.                                           PAGE 26
 Crack in an integrally stiffened panel.
 Material: 2024 T351.
 Uniform attachment. 1 row with 20 attach points per stringer.

 *********************************************************************
 *                                                                   *
 *   <<< F O R C E S   O N   A T T A C H M E N T   P O I N T S >>>   *
 *                                                                   *
 *********************************************************************

 Half crack length: 190.000


 A. POINT    X =  50.00    X = 150.00
 --------    ----------    ----------
     1            843.6         873.5
     2          -1676.7       -1404.2
     3           -853.2        -641.5
     4           -576.6        -421.1
     5           -453.7        -343.2
     6           -392.1        -330.7
     7           -377.5        -351.0
     8           -380.5        -389.7
     9           -400.1        -438.7
    10           -433.9        -495.9
    11           -480.8        -559.6
    12           -543.2        -632.2
    13           -627.3        -717.1
    14           -737.6        -821.4
    15           -890.5        -956.6
    16          -1108.6       -1144.2
    17          -1441.9       -1426.8
    18          -2006.0       -1905.0
    19          -3006.2       -2755.6
    20         -11628.7      -10223.0

 Positive attachment forces induce compression in the skin.

 Program INTEGRAL. Example 1.                                           PAGE 27
 Crack in an integrally stiffened panel.
 Material: 2024 T351.
 Uniform attachment. 1 row with 20 attach points per stringer.

 *********************************************************************
 *                                                                   *
 *   <<< F O R C E S   O N   A T T A C H M E N T   P O I N T S >>>   *
 *                                                                   *
 *********************************************************************

 Half crack length: 200.000


 A. POINT    X =  50.00    X = 150.00
 --------    ----------    ----------
     1            931.5         885.0
     2          -1741.6       -1582.0
     3           -874.2        -760.4
     4           -586.8        -511.1
     5           -459.4        -417.2
     6           -395.1        -395.2
     7           -379.2        -409.9
     8           -381.3        -445.2
     9           -400.2        -492.4
    10           -433.6        -549.1
    11           -480.1        -613.2
    12           -542.3        -687.2
    13           -626.2        -774.8
    14           -736.2        -883.0
    15           -888.9       -1024.4
    16          -1106.8       -1221.3
    17          -1440.0       -1518.9
    18          -2003.9       -2023.7
    19          -3003.8       -2922.6
    20         -11623.3      -10824.7

 Positive attachment forces induce compression in the skin.

 Program INTEGRAL. Example 1.                                           PAGE 28
 Crack in an integrally stiffened panel.
 Material: 2024 T351.
 Variable attachment. 1 row with 10 attach points per stringer.

 ***********************************
 *                                 *
 *   <<< I N P U T   D A T A >>>   *
 *                                 *
 ***********************************

 SKIN DATA:
 ==========
 Young's modulus..............:        73800.00
 Poisson's ratio..............:            0.33
 Thickness....................:            2.00
 Fracture toughness Kc........:         3800.00
 Lateral stiffener spacing....:          500.00

 APPLIED STRESSES:
 =================
 Average axial stress.........:          200.00
 Lateral-axial stress ratio...:            0.50

 STIFFENERS DATA:                  STIFFENER  1    STIFFENER  2
 ================                  ------------    ------------
 X-coordinate.................:           50.00          150.00
 No uniform attachment system:
    Number of points..........:              10              10
 Thickness at attachment......:            3.00            3.00
 Mid line length..............:           50.00           50.00
 Area.........................:          150.00          150.00
 Moment of inertia............:        32250.00        32250.00
 Distance from CG to outer cap:           25.00           25.00
 Distance from CG to inner cap:           25.00           25.00

 Program INTEGRAL. Example 1.                                           PAGE 29
 Crack in an integrally stiffened panel.
 Material: 2024 T351.
 Variable attachment. 1 row with 10 attach points per stringer.

 ***********************************
 *                                 *
 *   <<< I N P U T   D A T A >>>   *
 *                                 *
 ***********************************


 FASTENERS FOR STIFFENER AT X =  50.00:
 ======================================

 NUMBER      X         Y       WIDTH
 ------   -------   -------   -------
    1       50.00      1.50      3.00
    2       50.00      4.50      3.00
    3       50.00      7.50      3.00
    4       50.00     10.50      3.00
    5       50.00     13.50      3.00
    6       50.00     16.50      3.00
    7       50.00     19.50      3.00
    8       50.00     22.50      3.00
    9       50.00     25.50      3.00
   10       50.00     28.50      3.00


 FASTENERS FOR STIFFENER AT X = 150.00:
 ======================================

 NUMBER      X         Y       WIDTH
 ------   -------   -------   -------
    1      150.00      1.50      3.00
    2      150.00      4.50      3.00
    3      150.00      7.50      3.00
    4      150.00     10.50      3.00
    5      150.00     13.50      3.00
    6      150.00     16.50      3.00
    7      150.00     19.50      3.00
    8      150.00     22.50      3.00
    9      150.00     25.50      3.00
   10      150.00     28.50      3.00

 Program INTEGRAL. Example 1.                                           PAGE 30
 Crack in an integrally stiffened panel.
 Material: 2024 T351.
 Variable attachment. 1 row with 10 attach points per stringer.

 ***********************************************
 *                                             *
 *   <<< R E S U L T S   F O R   S K I N >>>   *
 *                                             *
 ***********************************************

 APPLIED STRESSES:
 =================
 Average axial stress (YD).......:      200.00
 Ratio of stresses (XD/YD).......:        0.50
 Unit axial skin stress..........:      214.14
 Unit lateral skin stress........:      100.00

  HALF CRACK    STRESS IN THE     BETA      RESIDUAL     STRESS     STIFFENERS
    LENGTH        FAR FIELD      FACTOR     STRENGTH    INTENSITY     STATUS
 ------------   -------------   --------   ----------   ---------   ----------
         0.00          214.14    1.00000   *******.**        0.00   II
        10.00          214.14    0.99905       633.79     1199.13   II
        20.00          214.14    0.99483       450.06     1688.66   II
        30.00          214.14    0.98061       372.80     2038.61   II
        40.00          214.14    0.93089       340.10     2234.64   II
        48.50          214.14    0.69774       412.07     1844.35   II
        50.00          214.14    0.76137       371.93     2043.42   TI
        60.00          214.14    1.07781       239.84     3168.82   TI
        70.00          214.14    1.29691       184.53     4118.48   TI
        80.00          214.14    1.42642       156.94     4842.52   TI
        90.00          214.14    1.48181       142.44     5335.70   TI
       100.00          214.14    1.46528       136.65     5561.60   XI
       110.00          214.14    1.40664       135.72     5599.60   XI
       120.00          214.14    1.35411       134.99     5630.20   XI
       130.00          214.14    1.29292       135.83     5595.28   XI
       140.00          214.14    1.18196       143.17     5308.20   XI
       148.50          214.14    0.83312       197.23     3853.43   XI
       150.00          214.14    0.88978       183.74     4136.27   XT
       160.00          214.14    1.17164       135.11     5625.12   XT
       170.00          214.14    1.36678       112.36     6763.97   XT
       180.00          214.14    1.48214       100.70     7547.49   XT
       190.00          214.14    1.53147        94.85     8012.40   XT
       200.00          214.14    1.51675        93.35     8141.54   XX

 Beta factors refered to the unit axial skin stress.

 Residual strength is based on the reference stress.

 Key for stiffeners status: I=Intact
                            T=Transición
                            X=Failed
