
 Program INTEGRAL. Example 2.                                           PAGE  1
 Crack in an integrally stiffened panel.
 Material: 2024 T351.
 Uniform attachment. 2 rows with 40 attach points per stringer.

 ***********************************
 *                                 *
 *   <<< I N P U T   D A T A >>>   *
 *                                 *
 ***********************************

 SKIN DATA:
 ==========
 Young's modulus..............:        73800.00
 Poisson's ratio..............:            0.33
 Thickness....................:            2.00
 Fracture toughness Kc........:         3800.00
 Lateral stiffener spacing....:          500.00

 APPLIED STRESSES:
 =================
 Average axial stress.........:          200.00
 Lateral-axial stress ratio...:            0.50

 STIFFENERS DATA:                  STIFFENER  1    STIFFENER  2
 ================                  ------------    ------------
 X-coordinate.................:           50.00          150.00
 Uniform attachment system:
    Number of rows............:               2               2
    Number of points per row..:              20              20
    Attachment pitch..........:            3.00            3.00
    Attachment width..........:            1.50            1.50
 Thickness at attachment......:            3.00            3.00
 Mid line length..............:           50.00           50.00
 Area.........................:          150.00          150.00
 Moment of inertia............:        32250.00        32250.00
 Distance from CG to outer cap:           25.00           25.00
 Distance from CG to inner cap:           25.00           25.00

 Program INTEGRAL. Example 2.                                           PAGE  2
 Crack in an integrally stiffened panel.
 Material: 2024 T351.
 Uniform attachment. 2 rows with 40 attach points per stringer.

 ***********************************************
 *                                             *
 *   <<< R E S U L T S   F O R   S K I N >>>   *
 *                                             *
 ***********************************************

 APPLIED STRESSES:
 =================
 Average axial stress (YD).......:      200.00
 Ratio of stresses (XD/YD).......:        0.50
 Unit axial skin stress..........:      214.14
 Unit lateral skin stress........:      100.00

  HALF CRACK    STRESS IN THE     BETA      RESIDUAL     STRESS     STIFFENERS
    LENGTH        FAR FIELD      FACTOR     STRENGTH    INTENSITY     STATUS
 ------------   -------------   --------   ----------   ---------   ----------
         0.00          214.14    1.00000   *******.**        0.00   II
        10.00          214.14    0.99741       634.83     1197.16   II
        20.00          214.14    0.98825       453.06     1677.49   II
        30.00          214.14    0.96692       378.08     2010.16   II
        40.00          214.14    0.91168       347.27     2188.52   II
        48.50          214.14    0.58153       494.41     1537.17   II
        50.00          214.14    0.65224       434.15     1750.55   TI
        60.00          214.14    1.00395       257.48     2951.67   TI
        70.00          214.14    1.24746       191.85     3961.45   TI
        80.00          214.14    1.39141       160.89     4723.65   TI
        90.00          214.14    1.45296       145.26     5231.84   TI
       100.00          214.14    1.43460       139.57     5445.13   XI
       110.00          214.14    1.37930       138.41     5490.77   XI
       120.00          214.14    1.32166       138.30     5495.26   XI
       130.00          214.14    1.25322       140.13     5423.46   XI
       140.00          214.14    1.15028       147.12     5165.91   XI
       148.50          214.14    0.67173       244.61     3106.97   XI
       150.00          214.14    0.74106       220.62     3444.91   XT
       160.00          214.14    1.08588       145.78     5213.39   XT
       170.00          214.14    1.32462       115.94     6555.30   XT
       180.00          214.14    1.46574       101.82     7464.01   XT
       190.00          214.14    1.52609        95.19     7984.29   XT
       200.00          214.14    1.50809        93.88     8095.05   XX

 Beta factors refered to the unit axial skin stress.

 Residual strength is based on the reference stress.

 Key for stiffeners status: I=Intact
                            T=Transición
                            X=Failed

 Program INTEGRAL. Example 2.                                           PAGE  3
 Crack in an integrally stiffened panel.
 Material: 2024 T351.
 Uniform attachment. 2 rows with 40 attach points per stringer.

 ****************************************************************************
 *                                                                          *
 *   <<< R E S U L T S   F O R   S T I F F E N E R   A T   X =  50.00 >>>   *
 *                                                                          *
 ****************************************************************************

 Unit stiffener stress:      181.14

                                                STRESSES
 HALF CRACK     AXIAL     BENDING   ---------------------------------
   LENGTH       FORCE     MOMENT    OUTER CAP     AXIAL     INNER CAP
 ----------    -------   --------   ---------   ---------   ---------
       0.00    27171.4        0.0      181.14      181.14      181.14
      10.00    27312.6     2390.2      183.94      182.08      180.23
      20.00    27778.7    10488.5      193.32      185.19      177.06
      30.00    28737.2    28125.4      213.38      191.58      169.78
      40.00    30732.3    68681.4      258.12      204.88      151.64
      48.50    36310.0   199309.5      396.57      242.07       87.56
      50.00        0.0        0.0        0.00        0.00        0.00
      60.00        0.0        0.0        0.00        0.00        0.00
      70.00        0.0        0.0        0.00        0.00        0.00
      80.00        0.0        0.0        0.00        0.00        0.00
      90.00        0.0        0.0        0.00        0.00        0.00
     100.00        0.0        0.0        0.00        0.00        0.00
     110.00        0.0        0.0        0.00        0.00        0.00
     120.00        0.0        0.0        0.00        0.00        0.00
     130.00        0.0        0.0        0.00        0.00        0.00
     140.00        0.0        0.0        0.00        0.00        0.00
     148.50        0.0        0.0        0.00        0.00        0.00
     150.00        0.0        0.0        0.00        0.00        0.00
     160.00        0.0        0.0        0.00        0.00        0.00
     170.00        0.0        0.0        0.00        0.00        0.00
     180.00        0.0        0.0        0.00        0.00        0.00
     190.00        0.0        0.0        0.00        0.00        0.00
     200.00        0.0        0.0        0.00        0.00        0.00

 Loads and stresses for stiffener at Y = 0.

 Program INTEGRAL. Example 2.                                           PAGE  4
 Crack in an integrally stiffened panel.
 Material: 2024 T351.
 Uniform attachment. 2 rows with 40 attach points per stringer.

 ****************************************************************************
 *                                                                          *
 *   <<< R E S U L T S   F O R   S T I F F E N E R   A T   X = 150.00 >>>   *
 *                                                                          *
 ****************************************************************************

 Unit stiffener stress:      181.14

                                                STRESSES
 HALF CRACK     AXIAL     BENDING   ---------------------------------
   LENGTH       FORCE     MOMENT    OUTER CAP     AXIAL     INNER CAP
 ----------    -------   --------   ---------   ---------   ---------
       0.00    27171.4       -0.0      181.14      181.14      181.14
      10.00    27183.4      198.2      181.38      181.22      181.07
      20.00    27219.3      795.2      182.08      181.46      180.85
      30.00    27279.5     1796.1      183.26      181.86      180.47
      40.00    27362.9     3188.6      184.89      182.42      179.95
      48.50    27439.2     4472.7      186.39      182.93      179.46
      50.00    27726.4     9190.1      191.97      184.84      177.72
      60.00    29028.4    30570.2      217.22      193.52      169.83
      70.00    29849.3    44049.1      233.14      199.00      164.85
      80.00    30387.8    52893.3      243.59      202.59      161.58
      90.00    30737.7    58638.7      250.37      204.92      159.46
     100.00    30871.1    60828.1      252.96      205.81      158.65
     110.00    31989.1    79554.6      274.93      213.26      151.59
     120.00    33707.0   109305.0      309.45      224.71      139.98
     130.00    36387.8   158671.3      365.59      242.59      119.58
     140.00    40829.4   250098.1      466.07      272.20       78.32
     148.50    54261.9   564717.1      799.51      361.75      -76.02
     150.00        0.0        0.0        0.00        0.00        0.00
     160.00        0.0        0.0        0.00        0.00        0.00
     170.00        0.0        0.0        0.00        0.00        0.00
     180.00        0.0        0.0        0.00        0.00        0.00
     190.00        0.0        0.0        0.00        0.00        0.00
     200.00        0.0        0.0        0.00        0.00        0.00

 Loads and stresses for stiffener at Y = 0.

 Program INTEGRAL. Example 2.                                           PAGE  5
 Crack in an integrally stiffened panel.
 Material: 2024 T351.
 Uniform attachment. 2 rows with 40 attach points per stringer.

 *********************************************************************
 *                                                                   *
 *   <<< F O R C E S   O N   A T T A C H M E N T   P O I N T S >>>   *
 *                                                                   *
 *********************************************************************

 Half crack length:   0.000


 A. POINT    X =  50.00    X = 150.00
 --------    ----------    ----------
     1             -0.0          -0.0
     2             -0.0          -0.0
     3              0.0           0.0
     4              0.0          -0.0
     5              0.0          -0.0
     6             -0.0          -0.0
     7             -0.0          -0.0
     8             -0.0          -0.0
     9              0.0           0.0
    10             -0.0          -0.0
    11             -0.0          -0.0
    12              0.0           0.0
    13              0.0           0.0
    14             -0.0           0.0
    15             -0.0          -0.0
    16              0.0          -0.0
    17             -0.0          -0.0
    18              0.0           0.0
    19             -0.0          -0.0
    20              0.0          -0.0
    21             -0.0           0.0
    22             -0.0           0.0
    23              0.0          -0.0
    24             -0.0          -0.0
    25             -0.0           0.0
    26             -0.0          -0.0
    27              0.0          -0.0
    28             -0.0           0.0
    29             -0.0          -0.0
    30             -0.0           0.0
    31              0.0           0.0
    32              0.0          -0.0
    33             -0.0           0.0
    34             -0.0           0.0
    35              0.0           0.0
    36             -0.0          -0.0
    37             -0.0          -0.0
    38             -0.0           0.0
    39             -0.0          -0.0
    40              0.0          -0.0

 Positive attachment forces induce compression in the skin.

 Program INTEGRAL. Example 2.                                           PAGE  6
 Crack in an integrally stiffened panel.
 Material: 2024 T351.
 Uniform attachment. 2 rows with 40 attach points per stringer.

 *********************************************************************
 *                                                                   *
 *   <<< F O R C E S   O N   A T T A C H M E N T   P O I N T S >>>   *
 *                                                                   *
 *********************************************************************

 Half crack length:  10.000


 A. POINT    X =  50.00    X = 150.00
 --------    ----------    ----------
     1             -0.2           0.0
     2             -1.0          -0.0
     3             -0.5           0.0
     4             -2.9          -0.1
     5             -0.2           0.0
     6             -4.7          -0.1
     7              0.7           0.0
     8             -6.4          -0.1
     9              2.3           0.0
    10             -7.8          -0.2
    11              4.5           0.1
    12             -8.9          -0.2
    13              7.2           0.1
    14             -9.8          -0.2
    15             10.1           0.1
    16            -10.5          -0.3
    17             12.9           0.2
    18            -11.1          -0.3
    19             15.5           0.2
    20            -11.4          -0.3
    21             17.8           0.2
    22            -11.6          -0.3
    23             19.7           0.3
    24            -11.6          -0.3
    25             21.1           0.4
    26            -11.6          -0.4
    27             22.2           0.5
    28            -11.4          -0.4
    29             22.9           0.6
    30            -11.1          -0.4
    31             23.4           0.7
    32            -10.7          -0.3
    33             23.8           0.9
    34            -10.0          -0.2
    35             24.4           1.2
    36             -8.9          -0.1
    37             26.0           1.7
    38             -7.1           0.2
    39             46.0           5.2
    40             10.0           3.4

 Positive attachment forces induce compression in the skin.

 Program INTEGRAL. Example 2.                                           PAGE  7
 Crack in an integrally stiffened panel.
 Material: 2024 T351.
 Uniform attachment. 2 rows with 40 attach points per stringer.

 *********************************************************************
 *                                                                   *
 *   <<< F O R C E S   O N   A T T A C H M E N T   P O I N T S >>>   *
 *                                                                   *
 *********************************************************************

 Half crack length:  20.000


 A. POINT    X =  50.00    X = 150.00
 --------    ----------    ----------
     1             -1.2           0.0
     2             -4.9          -0.1
     3             -2.4           0.0
     4            -14.4          -0.2
     5             -0.4           0.1
     6            -23.1          -0.4
     7              5.5           0.1
     8            -30.5          -0.5
     9             15.2           0.2
    10            -36.5          -0.6
    11             27.5           0.3
    12            -41.1          -0.8
    13             41.0           0.3
    14            -44.5          -0.9
    15             54.1           0.5
    16            -46.9          -1.0
    17             66.0           0.6
    18            -48.4          -1.2
    19             75.9           0.8
    20            -49.3          -1.3
    21             83.7           1.0
    22            -49.6          -1.4
    23             89.3           1.3
    24            -49.4          -1.4
    25             93.1           1.6
    26            -48.7          -1.5
    27             95.2           2.0
    28            -47.7          -1.5
    29             96.1           2.4
    30            -46.2          -1.4
    31             96.2           3.0
    32            -44.1          -1.3
    33             96.3           3.8
    34            -41.3          -1.0
    35             97.5           4.9
    36            -37.0          -0.4
    37            102.3           6.7
    38            -30.0           0.9
    39            176.3          20.7
    40             33.4          13.5

 Positive attachment forces induce compression in the skin.

 Program INTEGRAL. Example 2.                                           PAGE  8
 Crack in an integrally stiffened panel.
 Material: 2024 T351.
 Uniform attachment. 2 rows with 40 attach points per stringer.

 *********************************************************************
 *                                                                   *
 *   <<< F O R C E S   O N   A T T A C H M E N T   P O I N T S >>>   *
 *                                                                   *
 *********************************************************************

 Half crack length:  30.000


 A. POINT    X =  50.00    X = 150.00
 --------    ----------    ----------
     1             -4.9           0.0
     2            -17.1          -0.2
     3             -7.3           0.1
     4            -49.3          -0.5
     5              7.8           0.2
     6            -75.6          -0.8
     7             40.0           0.3
     8            -95.0          -1.1
     9             81.5           0.4
    10           -108.1          -1.5
    11            123.9           0.6
    12           -116.5          -1.8
    13            161.2           0.8
    14           -121.5          -2.1
    15            190.6           1.1
    16           -124.1          -2.4
    17            211.8           1.5
    18           -124.9          -2.7
    19            225.4           1.9
    20           -124.5          -2.9
    21            232.7           2.4
    22           -123.0          -3.1
    23            235.2           3.0
    24           -120.7          -3.3
    25            234.0           3.7
    26           -117.6          -3.4
    27            230.3           4.6
    28           -113.7          -3.4
    29            225.1           5.6
    30           -109.1          -3.3
    31            219.5           6.9
    32           -103.6          -3.0
    33            214.7           8.6
    34            -96.7          -2.3
    35            212.9          11.1
    36            -87.2          -1.0
    37            219.1          15.3
    38            -72.6           1.9
    39            362.5          46.6
    40             50.9          30.1

 Positive attachment forces induce compression in the skin.

 Program INTEGRAL. Example 2.                                           PAGE  9
 Crack in an integrally stiffened panel.
 Material: 2024 T351.
 Uniform attachment. 2 rows with 40 attach points per stringer.

 *********************************************************************
 *                                                                   *
 *   <<< F O R C E S   O N   A T T A C H M E N T   P O I N T S >>>   *
 *                                                                   *
 *********************************************************************

 Half crack length:  40.000


 A. POINT    X =  50.00    X = 150.00
 --------    ----------    ----------
     1            -26.1           0.1
     2            -75.0          -0.3
     3             18.8           0.2
     4           -191.1          -0.9
     5            179.1           0.4
     6           -248.2          -1.5
     7            339.7           0.6
     8           -269.1          -2.1
     9            447.5           0.9
    10           -275.0          -2.7
    11            505.2           1.2
    12           -274.6          -3.2
    13            528.3           1.6
    14           -270.9          -3.8
    15            530.0           2.2
    16           -265.2          -4.3
    17            519.2           2.8
    18           -258.0          -4.8
    19            501.1           3.6
    20           -249.8          -5.2
    21            479.4           4.6
    22           -240.8          -5.7
    23            456.1           5.7
    24           -231.3          -6.0
    25            432.6           6.9
    26           -221.4          -6.2
    27            409.6           8.5
    28           -211.0          -6.2
    29            388.2          10.3
    30           -200.1          -6.0
    31            368.9          12.6
    32           -188.4          -5.5
    33            353.0          15.6
    34           -175.2          -4.3
    35            343.4          19.9
    36           -159.1          -1.9
    37            346.6          27.2
    38           -136.4           3.0
    39            546.1          81.9
    40             34.8          52.2

 Positive attachment forces induce compression in the skin.

 Program INTEGRAL. Example 2.                                           PAGE 10
 Crack in an integrally stiffened panel.
 Material: 2024 T351.
 Uniform attachment. 2 rows with 40 attach points per stringer.

 *********************************************************************
 *                                                                   *
 *   <<< F O R C E S   O N   A T T A C H M E N T   P O I N T S >>>   *
 *                                                                   *
 *********************************************************************

 Half crack length:  48.500


 A. POINT    X =  50.00    X = 150.00
 --------    ----------    ----------
     1           1424.9           0.1
     2           -743.4          -0.4
     3           1870.2           0.4
     4           -684.9          -1.2
     5           1559.9           0.7
     6           -598.9          -2.1
     7           1335.8           1.0
     8           -549.2          -3.0
     9           1168.8           1.5
    10           -510.7          -3.8
    11           1038.8           2.0
    12           -477.9          -4.6
    13            933.8           2.6
    14           -448.7          -5.4
    15            846.7           3.5
    16           -422.2          -6.1
    17            772.8           4.4
    18           -397.8          -6.8
    19            709.0           5.5
    20           -375.1          -7.5
    21            653.3           6.9
    22           -353.8          -8.0
    23            604.1           8.4
    24           -333.7          -8.5
    25            560.6          10.2
    26           -314.6          -8.8
    27            522.1          12.3
    28           -296.3          -8.8
    29            488.1          14.9
    30           -278.5          -8.6
    31            458.8          18.0
    32           -260.6          -7.9
    33            435.0          22.1
    34           -241.9          -6.3
    35            419.3          28.1
    36           -220.7          -3.0
    37            418.9          38.1
    38           -193.7           3.7
    39            633.1         113.1
    40            -12.6          71.1

 Positive attachment forces induce compression in the skin.

 Program INTEGRAL. Example 2.                                           PAGE 11
 Crack in an integrally stiffened panel.
 Material: 2024 T351.
 Uniform attachment. 2 rows with 40 attach points per stringer.

 *********************************************************************
 *                                                                   *
 *   <<< F O R C E S   O N   A T T A C H M E N T   P O I N T S >>>   *
 *                                                                   *
 *********************************************************************

 Half crack length:  50.000


 A. POINT    X =  50.00    X = 150.00
 --------    ----------    ----------
     1           1357.6           0.2
     2           -815.1          -1.3
     3           1771.5           0.6
     4           -716.3          -3.9
     5           1492.6           1.2
     6           -631.2          -6.5
     7           1287.1           2.1
     8           -587.2          -9.1
     9           1133.5           3.5
    10           -553.8         -11.5
    11           1013.4           5.3
    12           -525.8         -13.9
    13            915.9           7.6
    14           -501.2         -16.1
    15            834.3          10.3
    16           -479.1         -18.2
    17            764.5          13.6
    18           -458.9         -20.0
    19            703.5          17.2
    20           -440.3         -21.7
    21            649.5          21.2
    22           -423.2         -23.1
    23            600.9          25.6
    24           -407.4         -24.2
    25            556.8          30.4
    26           -392.9         -25.0
    27            516.1          35.7
    28           -380.0         -25.3
    29            478.0          41.6
    30           -368.7         -24.9
    31            441.8          48.5
    32           -359.8         -23.4
    33            406.4          57.2
    34           -354.5         -20.3
    35            369.9          69.4
    36           -355.6         -13.8
    37            329.5          89.6
    38           -370.8          -0.4
    39            171.6         242.0
    40           -573.5         134.5

 Positive attachment forces induce compression in the skin.

 Program INTEGRAL. Example 2.                                           PAGE 12
 Crack in an integrally stiffened panel.
 Material: 2024 T351.
 Uniform attachment. 2 rows with 40 attach points per stringer.

 *********************************************************************
 *                                                                   *
 *   <<< F O R C E S   O N   A T T A C H M E N T   P O I N T S >>>   *
 *                                                                   *
 *********************************************************************

 Half crack length:  60.000


 A. POINT    X =  50.00    X = 150.00
 --------    ----------    ----------
     1           1052.7           0.5
     2          -1139.9          -5.2
     3           1324.1           1.6
     4           -858.7         -15.9
     5           1187.7           3.5
     6           -778.0         -26.5
     7           1066.5           7.1
     8           -759.3         -36.8
     9            973.6          12.5
    10           -749.3         -46.7
    11            898.3          20.1
    12           -742.8         -56.0
    13            834.5          29.8
    14           -738.9         -64.6
    15            778.3          41.5
    16           -736.7         -72.6
    17            727.0          55.0
    18           -735.9         -79.7
    19            678.9          70.0
    20           -736.1         -86.1
    21            632.6          86.3
    22           -737.8         -91.4
    23            586.5         103.7
    24           -741.3         -95.7
    25            539.3         122.1
    26           -747.8         -98.6
    27            488.8         141.7
    28           -759.0         -99.7
    29            432.3         162.9
    30           -777.8         -98.6
    31            364.6         187.0
    32           -809.5         -93.9
    33            276.5         216.2
    34           -864.6         -83.6
    35            146.2         256.8
    36           -966.8         -62.5
    37            -75.3         323.2
    38          -1173.6         -18.9
    39          -1920.0         826.3
    40          -3115.4         422.1

 Positive attachment forces induce compression in the skin.

 Program INTEGRAL. Example 2.                                           PAGE 13
 Crack in an integrally stiffened panel.
 Material: 2024 T351.
 Uniform attachment. 2 rows with 40 attach points per stringer.

 *********************************************************************
 *                                                                   *
 *   <<< F O R C E S   O N   A T T A C H M E N T   P O I N T S >>>   *
 *                                                                   *
 *********************************************************************

 Half crack length:  70.000


 A. POINT    X =  50.00    X = 150.00
 --------    ----------    ----------
     1            860.4           0.7
     2          -1344.7          -7.7
     3           1042.1           2.2
     4           -948.4         -23.5
     5            995.4           5.0
     6           -870.4         -39.2
     7            927.4          10.2
     8           -867.8         -54.3
     9            872.8          18.2
    10           -872.5         -68.8
    11            825.8          29.4
    12           -879.6         -82.5
    13            783.3          43.8
    14           -888.7         -95.2
    15            742.9          61.2
    16           -899.1        -106.9
    17            703.4          81.2
    18           -910.5        -117.4
    19            663.4         103.4
    20           -922.6        -126.7
    21            621.9         127.4
    22           -936.1        -134.5
    23            577.4         152.9
    24           -951.8        -140.7
    25            528.2         179.9
    26           -971.5        -144.9
    27            471.7         208.5
    28           -997.9        -146.7
    29            403.4         239.4
    30          -1035.8        -145.0
    31            316.0         274.2
    32          -1093.1        -138.4
    33            194.6         316.5
    34          -1186.2        -123.6
    35              5.2         374.9
    36          -1352.2         -93.2
    37           -330.6         470.5
    38          -1679.8         -30.6
    39          -3238.7        1194.7
    40          -4718.0         603.4

 Positive attachment forces induce compression in the skin.

 Program INTEGRAL. Example 2.                                           PAGE 14
 Crack in an integrally stiffened panel.
 Material: 2024 T351.
 Uniform attachment. 2 rows with 40 attach points per stringer.

 *********************************************************************
 *                                                                   *
 *   <<< F O R C E S   O N   A T T A C H M E N T   P O I N T S >>>   *
 *                                                                   *
 *********************************************************************

 Half crack length:  80.000


 A. POINT    X =  50.00    X = 150.00
 --------    ----------    ----------
     1            734.3           0.9
     2          -1479.0          -9.4
     3            857.0           2.6
     4          -1007.3         -28.5
     5            869.3           6.0
     6           -931.1         -47.4
     7            836.1          12.2
     8           -939.0         -65.8
     9            806.6          21.9
    10           -953.4         -83.3
    11            778.2          35.5
    12           -969.4         -99.9
    13            749.6          53.0
    14           -987.0        -115.3
    15            719.7          74.1
    16          -1005.7        -129.4
    17            687.9          98.3
    18          -1025.1        -142.1
    19            653.3         125.2
    20          -1045.0        -153.3
    21            614.9         154.3
    22          -1066.3        -162.8
    23            571.5         185.2
    24          -1090.0        -170.2
    25            521.0         217.8
    26          -1118.3        -175.4
    27            460.4         252.3
    28          -1154.7        -177.5
    29            384.5         289.5
    30          -1205.0        -175.5
    31            284.0         331.5
    32          -1279.1        -167.5
    33            140.8         382.3
    34          -1397.2        -149.8
    35            -87.3         452.4
    36          -1605.0        -113.3
    37           -498.1         567.1
    38          -2011.9         -38.2
    39          -4103.9        1436.4
    40          -5769.5         722.3

 Positive attachment forces induce compression in the skin.

 Program INTEGRAL. Example 2.                                           PAGE 15
 Crack in an integrally stiffened panel.
 Material: 2024 T351.
 Uniform attachment. 2 rows with 40 attach points per stringer.

 *********************************************************************
 *                                                                   *
 *   <<< F O R C E S   O N   A T T A C H M E N T   P O I N T S >>>   *
 *                                                                   *
 *********************************************************************

 Half crack length:  90.000


 A. POINT    X =  50.00    X = 150.00
 --------    ----------    ----------
     1            652.3           1.0
     2          -1566.3         -10.4
     3            736.8           2.8
     4          -1045.5         -31.8
     5            787.3           6.6
     6           -970.6         -52.8
     7            776.9          13.5
     8           -985.2         -73.2
     9            763.6          24.4
    10          -1005.9         -92.8
    11            747.3          39.5
    12          -1027.7        -111.2
    13            727.8          59.0
    14          -1050.9        -128.3
    15            704.7          82.5
    16          -1074.9        -144.0
    17            677.8         109.5
    18          -1099.5        -158.2
    19            646.7         139.4
    20          -1124.5        -170.6
    21            610.4         171.8
    22          -1150.8        -181.1
    23            567.6         206.2
    24          -1179.7        -189.4
    25            516.3         242.5
    26          -1213.6        -195.1
    27            453.1         280.8
    28          -1256.6        -197.5
    29            372.2         322.1
    30          -1314.9        -195.3
    31            263.3         368.7
    32          -1400.0        -186.5
    33            105.9         425.0
    34          -1534.3        -166.8
    35           -147.4         502.8
    36          -1769.2        -126.4
    37           -606.9         629.9
    38          -2227.6         -43.2
    39          -4666.0        1593.4
    40          -6452.5         799.6

 Positive attachment forces induce compression in the skin.

 Program INTEGRAL. Example 2.                                           PAGE 16
 Crack in an integrally stiffened panel.
 Material: 2024 T351.
 Uniform attachment. 2 rows with 40 attach points per stringer.

 *********************************************************************
 *                                                                   *
 *   <<< F O R C E S   O N   A T T A C H M E N T   P O I N T S >>>   *
 *                                                                   *
 *********************************************************************

 Half crack length: 100.000


 A. POINT    X =  50.00    X = 150.00
 --------    ----------    ----------
     1            621.1           1.0
     2          -1599.6         -10.9
     3            691.0           2.9
     4          -1060.1         -33.0
     5            756.1           6.9
     6           -985.6         -54.9
     7            754.3          14.0
     8          -1002.9         -76.1
     9            747.3          25.3
    10          -1026.0         -96.4
    11            735.6          41.0
    12          -1049.9        -115.5
    13            719.5          61.2
    14          -1075.2        -133.3
    15            698.9          85.7
    16          -1101.3        -149.6
    17            674.0         113.7
    18          -1127.9        -164.3
    19            644.1         144.8
    20          -1154.8        -177.2
    21            608.6         178.5
    22          -1183.0        -188.1
    23            566.1         214.2
    24          -1213.9        -196.7
    25            514.5         251.9
    26          -1250.0        -202.7
    27            450.3         291.6
    28          -1295.4        -205.1
    29            367.5         334.5
    30          -1356.8        -202.8
    31            255.4         382.9
    32          -1446.0        -193.7
    33             92.6         441.3
    34          -1586.6        -173.3
    35           -170.3         522.0
    36          -1831.8        -131.4
    37           -648.3         653.8
    38          -2309.8         -45.1
    39          -4880.2        1653.3
    40          -6712.9         829.0

 Positive attachment forces induce compression in the skin.

 Program INTEGRAL. Example 2.                                           PAGE 17
 Crack in an integrally stiffened panel.
 Material: 2024 T351.
 Uniform attachment. 2 rows with 40 attach points per stringer.

 *********************************************************************
 *                                                                   *
 *   <<< F O R C E S   O N   A T T A C H M E N T   P O I N T S >>>   *
 *                                                                   *
 *********************************************************************

 Half crack length: 110.000


 A. POINT    X =  50.00    X = 150.00
 --------    ----------    ----------
     1           1231.8          -0.1
     2          -2407.6         -17.1
     3            465.8           0.8
     4          -1116.5         -51.4
     5            601.7           6.1
     6           -945.0         -84.9
     7            642.8          18.6
     8           -906.0        -116.7
     9            652.6          39.3
    10           -905.3        -146.4
    11            648.1          68.1
    12           -918.5        -173.4
    13            636.0         104.1
    14           -938.9        -197.9
    15            618.5         145.9
    16           -962.1        -219.6
    17            596.7         191.6
    18           -988.4        -238.4
    19            569.8         239.7
    20          -1017.0        -254.5
    21            537.7         288.8
    22          -1048.5        -267.6
    23            498.3         338.1
    24          -1084.3        -277.4
    25            450.0         387.4
    26          -1126.8        -283.7
    27            388.9         437.0
    28          -1179.9        -285.4
    29            309.0         488.4
    30          -1249.9        -281.4
    31            199.3         544.4
    32          -1348.6        -268.9
    33             38.2         611.4
    34          -1499.3        -242.8
    35           -224.6         703.9
    36          -1756.0        -191.1
    37           -705.7         857.7
    38          -2247.3         -86.3
    39          -4983.9        2064.5
    40          -6696.5         966.9

 Positive attachment forces induce compression in the skin.

 Program INTEGRAL. Example 2.                                           PAGE 18
 Crack in an integrally stiffened panel.
 Material: 2024 T351.
 Uniform attachment. 2 rows with 40 attach points per stringer.

 *********************************************************************
 *                                                                   *
 *   <<< F O R C E S   O N   A T T A C H M E N T   P O I N T S >>>   *
 *                                                                   *
 *********************************************************************

 Half crack length: 120.000


 A. POINT    X =  50.00    X = 150.00
 --------    ----------    ----------
     1            -98.3          -3.0
     2          -2261.1         -30.1
     3            607.7          -5.0
     4           -585.9         -89.7
     5            609.1           6.5
     6           -711.2        -146.0
     7            612.2          36.0
     8           -773.6        -197.0
     9            604.2          83.7
    10           -807.0        -242.0
    11            592.5         145.9
    12           -832.6        -280.6
    13            577.8         217.3
    14           -856.6        -313.5
    15            560.0         292.7
    16           -881.3        -341.0
    17            538.9         367.7
    18           -907.7        -363.6
    19            513.8         439.4
    20           -936.9        -381.7
    21            483.6         506.3
    22           -969.4        -395.4
    23            446.4         568.0
    24          -1007.0        -404.8
    25            400.1         625.1
    26          -1052.1        -409.3
    27            341.3         679.0
    28          -1108.7        -408.3
    29            263.0         732.4
    30          -1183.1        -400.1
    31            154.6         789.5
    32          -1287.2        -381.8
    33             -6.1         858.7
    34          -1444.6        -347.5
    35           -270.3         957.9
    36          -1709.6        -282.8
    37           -756.5        1130.7
    38          -2212.5        -155.6
    39          -5095.6        2574.0
    40          -6721.7        1103.5

 Positive attachment forces induce compression in the skin.

 Program INTEGRAL. Example 2.                                           PAGE 19
 Crack in an integrally stiffened panel.
 Material: 2024 T351.
 Uniform attachment. 2 rows with 40 attach points per stringer.

 *********************************************************************
 *                                                                   *
 *   <<< F O R C E S   O N   A T T A C H M E N T   P O I N T S >>>   *
 *                                                                   *
 *********************************************************************

 Half crack length: 130.000


 A. POINT    X =  50.00    X = 150.00
 --------    ----------    ----------
     1           -909.0         -13.2
     2          -1106.5         -63.5
     3            642.9         -17.9
     4           -686.4        -184.5
     5            595.4          30.5
     6           -748.8        -288.8
     7            562.1         132.7
     8           -757.7        -371.9
     9            547.0         268.3
    10           -775.5        -435.6
    11            535.4         412.7
    12           -795.1        -483.8
    13            522.8         548.6
    14           -815.8        -520.2
    15            507.3         666.9
    16           -838.0        -547.7
    17            488.8         765.1
    18           -862.5        -567.9
    19            466.0         844.2
    20           -889.7        -582.1
    21            437.8         907.4
    22           -921.4        -590.8
    23            402.7         958.0
    24           -958.7        -594.1
    25            358.6         999.7
    26          -1004.1        -591.8
    27            301.2        1036.4
    28          -1061.8        -583.1
    29            224.4        1072.5
    30          -1138.0        -566.4
    31            116.7        1113.9
    32          -1244.9        -538.5
    33            -43.8        1170.6
    34          -1406.2        -492.5
    35           -309.4        1263.7
    36          -1676.6        -412.3
    37           -800.4        1444.1
    38          -2188.0        -261.8
    39          -5193.4        3102.9
    40          -6749.0        1186.6

 Positive attachment forces induce compression in the skin.

 Program INTEGRAL. Example 2.                                           PAGE 20
 Crack in an integrally stiffened panel.
 Material: 2024 T351.
 Uniform attachment. 2 rows with 40 attach points per stringer.

 *********************************************************************
 *                                                                   *
 *   <<< F O R C E S   O N   A T T A C H M E N T   P O I N T S >>>   *
 *                                                                   *
 *********************************************************************

 Half crack length: 140.000


 A. POINT    X =  50.00    X = 150.00
 --------    ----------    ----------
     1           1067.0         -63.3
     2          -2860.0        -199.2
     3            338.2          45.4
     4           -979.7        -516.2
     5            430.1         440.1
     6           -785.2        -689.4
     7            473.9         846.8
     8           -734.9        -772.3
     9            490.1        1136.5
    10           -725.7        -815.4
    11            490.0        1311.9
    12           -732.9        -839.8
    13            482.3        1407.4
    14           -747.1        -853.3
    15            469.0        1452.9
    16           -767.2        -859.1
    17            450.8        1468.3
    18           -789.5        -858.9
    19            428.3        1466.4
    20           -816.5        -853.6
    21            400.2        1455.3
    22           -847.7        -843.8
    23            365.8        1440.3
    24           -884.8        -829.7
    25            322.0        1425.3
    26           -930.6        -811.0
    27            265.3        1413.3
    28           -988.6        -786.8
    29            189.4        1408.1
    30          -1065.1        -755.6
    31             83.3        1415.0
    32          -1172.6        -713.8
    33            -75.7        1443.4
    34          -1333.8        -654.3
    35           -338.5        1515.2
    36          -1603.7        -560.5
    37           -825.1        1683.8
    38          -2111.7        -394.9
    39          -5177.4        3426.6
    40          -6623.2        1126.5

 Positive attachment forces induce compression in the skin.

 Program INTEGRAL. Example 2.                                           PAGE 21
 Crack in an integrally stiffened panel.
 Material: 2024 T351.
 Uniform attachment. 2 rows with 40 attach points per stringer.

 *********************************************************************
 *                                                                   *
 *   <<< F O R C E S   O N   A T T A C H M E N T   P O I N T S >>>   *
 *                                                                   *
 *********************************************************************

 Half crack length: 148.500


 A. POINT    X =  50.00    X = 150.00
 --------    ----------    ----------
     1          -1644.2        3547.9
     2            269.6       -1831.2
     3            259.1        4637.0
     4           -502.1       -1675.3
     5            399.4        3711.2
     6           -736.8       -1503.6
     7            445.0        3147.8
     8           -755.6       -1423.4
     9            462.0        2785.8
    10           -758.6       -1362.9
    11            464.6        2528.0
    12           -765.4       -1311.5
    13            458.5        2331.2
    14           -775.9       -1265.5
    15            447.8        2174.7
    16           -791.7       -1223.1
    17            431.0        2047.0
    18           -810.8       -1182.9
    19            410.0        1941.1
    20           -834.5       -1144.1
    21            384.5        1852.7
    22           -863.8       -1105.8
    23            350.8        1779.2
    24           -899.0       -1067.4
    25            308.1        1719.0
    26           -943.4       -1027.7
    27            252.1        1671.8
    28          -1000.8        -985.2
    29            176.7        1638.9
    30          -1077.6        -937.7
    31             70.1        1624.1
    32          -1185.8        -881.3
    33            -90.2        1635.9
    34          -1349.1        -808.4
    35           -356.2        1696.3
    36          -1623.2        -701.5
    37           -850.1        1860.9
    38          -2139.8        -522.6
    39          -5277.5        3669.9
    40          -6728.5        1051.0

 Positive attachment forces induce compression in the skin.

 Program INTEGRAL. Example 2.                                           PAGE 22
 Crack in an integrally stiffened panel.
 Material: 2024 T351.
 Uniform attachment. 2 rows with 40 attach points per stringer.

 *********************************************************************
 *                                                                   *
 *   <<< F O R C E S   O N   A T T A C H M E N T   P O I N T S >>>   *
 *                                                                   *
 *********************************************************************

 Half crack length: 150.000


 A. POINT    X =  50.00    X = 150.00
 --------    ----------    ----------
     1          -1424.7        3495.8
     2            250.7       -1842.2
     3            212.8        4352.7
     4           -557.7       -1748.1
     5            364.0        3520.7
     6           -747.2       -1560.9
     7            417.4        3012.1
     8           -751.7       -1475.5
     9            437.7        2683.5
    10           -749.1       -1415.8
    11            442.4        2448.0
    12           -752.7       -1367.8
    13            438.0        2267.2
    14           -761.7       -1326.4
    15            427.8        2122.5
    16           -776.1       -1289.0
    17            411.8        2003.5
    18           -794.4       -1254.0
    19            391.5        1903.9
    20           -817.5       -1220.6
    21            366.2        1819.9
    22           -846.2       -1187.7
    23            332.9        1748.8
    24           -881.1       -1154.9
    25            290.5        1689.3
    26           -925.2       -1121.1
    27            234.9        1640.7
    28           -982.4       -1085.6
    29            159.7        1603.7
    30          -1059.1       -1046.6
    31             53.5        1580.9
    32          -1167.3       -1001.8
    33           -106.7        1578.8
    34          -1330.6        -945.9
    35           -372.6        1613.4
    36          -1604.8        -867.6
    37           -866.8        1727.1
    38          -2121.4        -742.9
    39          -5297.1        3054.2
    40          -6709.2         336.4

 Positive attachment forces induce compression in the skin.

 Program INTEGRAL. Example 2.                                           PAGE 23
 Crack in an integrally stiffened panel.
 Material: 2024 T351.
 Uniform attachment. 2 rows with 40 attach points per stringer.

 *********************************************************************
 *                                                                   *
 *   <<< F O R C E S   O N   A T T A C H M E N T   P O I N T S >>>   *
 *                                                                   *
 *********************************************************************

 Half crack length: 160.000


 A. POINT    X =  50.00    X = 150.00
 --------    ----------    ----------
     1           -430.2        3259.5
     2            165.3       -1892.3
     3              3.0        3064.1
     4           -809.7       -2078.3
     5            203.7        2657.2
     6           -794.3       -1820.9
     7            292.5        2396.9
     8           -734.1       -1711.6
     9            327.6        2219.6
    10           -706.1       -1655.4
    11            341.4        2085.5
    12           -694.8       -1622.8
    13            345.2        1977.1
    14           -697.1       -1602.1
    15            337.2        1885.6
    16           -705.1       -1587.7
    17            324.6        1806.1
    18           -720.3       -1576.6
    19            307.6        1735.3
    20           -740.8       -1567.2
    21            283.5        1671.0
    22           -766.5       -1558.7
    23            251.6        1611.2
    24           -799.9       -1551.1
    25            211.2        1554.6
    26           -842.8       -1544.7
    27            156.8        1499.4
    28           -899.4       -1540.5
    29             82.8        1443.9
    30           -975.1       -1540.4
    31            -21.8        1385.4
    32          -1083.6       -1547.8
    33           -181.3        1319.6
    34          -1246.8       -1569.4
    35           -446.7        1237.4
    36          -1521.4       -1620.5
    37           -942.0        1120.8
    38          -2038.0       -1741.0
    39          -5385.7         263.4
    40          -6621.8       -2902.5

 Positive attachment forces induce compression in the skin.

 Program INTEGRAL. Example 2.                                           PAGE 24
 Crack in an integrally stiffened panel.
 Material: 2024 T351.
 Uniform attachment. 2 rows with 40 attach points per stringer.

 *********************************************************************
 *                                                                   *
 *   <<< F O R C E S   O N   A T T A C H M E N T   P O I N T S >>>   *
 *                                                                   *
 *********************************************************************

 Half crack length: 170.000


 A. POINT    X =  50.00    X = 150.00
 --------    ----------    ----------
     1            196.9        3110.6
     2            111.4       -1923.8
     3           -129.2        2251.7
     4           -968.5       -2286.4
     5            102.6        2112.9
     6           -824.0       -1984.8
     7            213.8        2009.1
     8           -723.1       -1860.5
     9            258.2        1927.2
    10           -679.0       -1806.5
    11            277.7        1856.9
    12           -658.4       -1783.5
    13            286.6        1794.2
    14           -656.4       -1775.9
    15            280.1        1736.3
    16           -660.4       -1776.1
    17            269.7        1681.7
    18           -673.5       -1779.9
    19            254.6        1629.0
    20           -692.5       -1785.7
    21            231.3        1577.1
    22           -716.3       -1792.6
    23            200.4        1524.5
    24           -748.7       -1800.8
    25            161.1        1469.8
    26           -790.8       -1811.7
    27            107.6        1410.3
    28           -847.1       -1827.3
    29             34.2        1343.1
    30           -922.2       -1851.7
    31            -69.3        1262.1
    32          -1030.8       -1892.0
    33           -228.4        1156.3
    34          -1193.9       -1962.4
    35           -493.5        1000.3
    36          -1468.8       -2095.1
    37           -989.5         738.5
    38          -1985.5       -2370.3
    39          -5441.5       -1496.0
    40          -6566.7       -4944.5

 Positive attachment forces induce compression in the skin.

 Program INTEGRAL. Example 2.                                           PAGE 25
 Crack in an integrally stiffened panel.
 Material: 2024 T351.
 Uniform attachment. 2 rows with 40 attach points per stringer.

 *********************************************************************
 *                                                                   *
 *   <<< F O R C E S   O N   A T T A C H M E N T   P O I N T S >>>   *
 *                                                                   *
 *********************************************************************

 Half crack length: 180.000


 A. POINT    X =  50.00    X = 150.00
 --------    ----------    ----------
     1            608.3        3012.9
     2             76.1       -1944.5
     3           -216.0        1718.7
     4          -1072.7       -2422.9
     5             36.3        1755.7
     6           -843.4       -2092.3
     7            162.1        1754.6
     8           -715.8       -1958.2
     9            212.6        1735.3
    10           -661.2       -1905.6
    11            236.0        1707.0
    12           -634.4       -1889.0
    13            248.2        1674.2
    14           -629.7       -1890.0
    15            242.6        1638.3
    16           -631.0       -1899.6
    17            233.7        1600.0
    18           -642.9       -1913.4
    19            219.9        1559.3
    20           -660.7       -1929.1
    21            197.1        1515.5
    22           -683.3       -1946.1
    23            166.8        1467.6
    24           -715.1       -1964.7
    25            128.3        1414.1
    26           -756.7       -1986.9
    27             75.3        1351.9
    28           -812.8       -2015.5
    29              2.4        1277.0
    30           -887.4       -2056.0
    31           -100.4        1181.2
    32           -996.2       -2117.9
    33           -259.3        1049.1
    34          -1159.3       -2220.3
    35           -524.1         844.8
    36          -1434.3       -2406.5
    37          -1020.6         487.7
    38          -1951.0       -2783.1
    39          -5478.2       -2650.4
    40          -6530.5       -6284.3

 Positive attachment forces induce compression in the skin.

 Program INTEGRAL. Example 2.                                           PAGE 26
 Crack in an integrally stiffened panel.
 Material: 2024 T351.
 Uniform attachment. 2 rows with 40 attach points per stringer.

 *********************************************************************
 *                                                                   *
 *   <<< F O R C E S   O N   A T T A C H M E N T   P O I N T S >>>   *
 *                                                                   *
 *********************************************************************

 Half crack length: 190.000


 A. POINT    X =  50.00    X = 150.00
 --------    ----------    ----------
     1            875.5        2949.4
     2             53.1       -1958.0
     3           -272.3        1372.4
     4          -1140.4       -2511.6
     5             -6.8        1523.7
     6           -856.1       -2162.2
     7            128.5        1589.3
     8           -711.1       -2021.6
     9            183.1        1610.6
    10           -649.7       -1970.0
    11            208.9        1609.6
    12           -618.9       -1957.5
    13            223.2        1596.2
    14           -612.3       -1964.1
    15            218.3        1574.7
    16           -611.9       -1979.9
    17            210.3        1547.0
    18           -622.9       -2000.0
    19            197.4        1514.0
    20           -640.1       -2022.2
    21            174.9        1475.5
    22           -661.9       -2045.8
    23            145.0        1430.6
    24           -693.2       -2071.2
    25            106.9        1377.9
    26           -734.5       -2100.7
    27             54.3        1313.9
    28           -790.5       -2137.7
    29            -18.3        1234.1
    30           -864.9       -2188.7
    31           -120.7        1128.7
    32           -973.7       -2264.6
    33           -279.3         979.5
    34          -1136.7       -2387.8
    35           -544.0         743.7
    36          -1411.9       -2608.8
    37          -1040.8         324.8
    38          -1928.6       -3051.4
    39          -5502.0       -3400.4
    40          -6507.0       -7154.7

 Positive attachment forces induce compression in the skin.

 Program INTEGRAL. Example 2.                                           PAGE 27
 Crack in an integrally stiffened panel.
 Material: 2024 T351.
 Uniform attachment. 2 rows with 40 attach points per stringer.

 *********************************************************************
 *                                                                   *
 *   <<< F O R C E S   O N   A T T A C H M E N T   P O I N T S >>>   *
 *                                                                   *
 *********************************************************************

 Half crack length: 200.000


 A. POINT    X =  50.00    X = 150.00
 --------    ----------    ----------
     1            977.4        2925.2
     2             44.4       -1963.1
     3           -293.8        1240.4
     4          -1166.2       -2545.4
     5            -23.3        1435.3
     6           -860.9       -2188.8
     7            115.7        1526.3
     8           -709.3       -2045.8
     9            171.8        1563.1
    10           -645.3       -1994.5
    11            198.5        1572.4
    12           -613.0       -1983.6
    13            213.7        1566.5
    14           -605.7       -1992.3
    15            209.0        1550.4
    16           -604.7       -2010.5
    17            201.4        1526.8
    18           -615.4       -2033.1
    19            188.8        1496.7
    20           -632.3       -2057.7
    21            166.4        1460.2
    22           -653.8       -2083.8
    23            136.7        1416.5
    24           -684.9       -2111.8
    25             98.8        1364.1
    26           -726.1       -2144.1
    27             46.3        1299.5
    28           -782.0       -2184.3
    29            -26.2        1217.7
    30           -856.3       -2239.2
    31           -128.4        1108.7
    32           -965.1       -2320.6
    33           -287.0         952.9
    34          -1128.2       -2451.7
    35           -551.6         705.2
    36          -1403.3       -2685.9
    37          -1048.5         262.7
    38          -1920.1       -3153.6
    39          -5511.1       -3686.2
    40          -6498.1       -7486.3

 Positive attachment forces induce compression in the skin.

 Program INTEGRAL. Example 2.                                           PAGE 28
 Crack in an integrally stiffened panel.
 Material: 2024 T351.
 Variable attachment. 2 rows with 20 attach points per stringer.

 ***********************************
 *                                 *
 *   <<< I N P U T   D A T A >>>   *
 *                                 *
 ***********************************

 SKIN DATA:
 ==========
 Young's modulus..............:        73800.00
 Poisson's ratio..............:            0.33
 Thickness....................:            2.00
 Fracture toughness Kc........:         3800.00
 Lateral stiffener spacing....:          500.00

 APPLIED STRESSES:
 =================
 Average axial stress.........:          200.00
 Lateral-axial stress ratio...:            0.50

 STIFFENERS DATA:                  STIFFENER  1    STIFFENER  2
 ================                  ------------    ------------
 X-coordinate.................:           50.00          150.00
 No uniform attachment system:
    Number of points..........:              20              20
 Thickness at attachment......:            3.00            3.00
 Mid line length..............:           50.00           50.00
 Area.........................:          150.00          150.00
 Moment of inertia............:        32250.00        32250.00
 Distance from CG to outer cap:           25.00           25.00
 Distance from CG to inner cap:           25.00           25.00

 Program INTEGRAL. Example 2.                                           PAGE 29
 Crack in an integrally stiffened panel.
 Material: 2024 T351.
 Variable attachment. 2 rows with 20 attach points per stringer.

 ***********************************
 *                                 *
 *   <<< I N P U T   D A T A >>>   *
 *                                 *
 ***********************************


 FASTENERS FOR STIFFENER AT X =  50.00:
 ======================================

 NUMBER      X         Y       WIDTH
 ------   -------   -------   -------
    1       49.25      1.50      1.50
    2       50.75      1.50      1.50
    3       49.25      4.50      1.50
    4       50.75      4.50      1.50
    5       49.25      7.50      1.50
    6       50.75      7.50      1.50
    7       49.25     10.50      1.50
    8       50.75     10.50      1.50
    9       49.25     13.50      1.50
   10       50.75     13.50      1.50
   11       49.25     16.50      1.50
   12       50.75     16.50      1.50
   13       49.25     19.50      1.50
   14       50.75     19.50      1.50
   15       49.25     22.50      1.50
   16       50.75     22.50      1.50
   17       49.25     25.50      1.50
   18       50.75     25.50      1.50
   19       49.25     28.50      1.50
   20       50.75     28.50      1.50

 Program INTEGRAL. Example 2.                                           PAGE 30
 Crack in an integrally stiffened panel.
 Material: 2024 T351.
 Variable attachment. 2 rows with 20 attach points per stringer.

 ***********************************
 *                                 *
 *   <<< I N P U T   D A T A >>>   *
 *                                 *
 ***********************************


 FASTENERS FOR STIFFENER AT X = 150.00:
 ======================================

 NUMBER      X         Y       WIDTH
 ------   -------   -------   -------
    1      149.25      1.50      1.50
    2      150.75      1.50      1.50
    3      149.25      4.50      1.50
    4      150.75      4.50      1.50
    5      149.25      7.50      1.50
    6      150.75      7.50      1.50
    7      149.25     10.50      1.50
    8      150.75     10.50      1.50
    9      149.25     13.50      1.50
   10      150.75     13.50      1.50
   11      149.25     16.50      1.50
   12      150.75     16.50      1.50
   13      149.25     19.50      1.50
   14      150.75     19.50      1.50
   15      149.25     22.50      1.50
   16      150.75     22.50      1.50
   17      149.25     25.50      1.50
   18      150.75     25.50      1.50
   19      149.25     28.50      1.50
   20      150.75     28.50      1.50

 Program INTEGRAL. Example 2.                                           PAGE 31
 Crack in an integrally stiffened panel.
 Material: 2024 T351.
 Variable attachment. 2 rows with 20 attach points per stringer.

 ***********************************************
 *                                             *
 *   <<< R E S U L T S   F O R   S K I N >>>   *
 *                                             *
 ***********************************************

 APPLIED STRESSES:
 =================
 Average axial stress (YD).......:      200.00
 Ratio of stresses (XD/YD).......:        0.50
 Unit axial skin stress..........:      214.14
 Unit lateral skin stress........:      100.00

  HALF CRACK    STRESS IN THE     BETA      RESIDUAL     STRESS     STIFFENERS
    LENGTH        FAR FIELD      FACTOR     STRENGTH    INTENSITY     STATUS
 ------------   -------------   --------   ----------   ---------   ----------
         0.00          214.14    1.00000   *******.**        0.00   II
        10.00          214.14    0.99901       633.82     1199.08   II
        20.00          214.14    0.99455       450.19     1688.18   II
        30.00          214.14    0.97923       373.33     2035.74   II
        40.00          214.14    0.92361       342.78     2217.16   II
        48.50          214.14    0.58135       494.57     1536.70   II
        50.00          214.14    0.65475       432.49     1757.28   TI
        60.00          214.14    1.01982       253.47     2998.33   TI
        70.00          214.14    1.27258       188.06     4041.23   TI
        80.00          214.14    1.42200       157.43     4827.50   TI
        90.00          214.14    1.48589       142.05     5350.41   TI
       100.00          214.14    1.46683       136.51     5567.47   XI
       110.00          214.14    1.40770       135.62     5603.84   XI
       120.00          214.14    1.35407       134.99     5630.01   XI
       130.00          214.14    1.29053       136.08     5584.95   XI
       140.00          214.14    1.17771       143.69     5289.10   XI
       148.50          214.14    0.66874       245.71     3093.14   XI
       150.00          214.14    0.73928       221.15     3436.62   XT
       160.00          214.14    1.09012       145.21     5233.73   XT
       170.00          214.14    1.33302       115.21     6596.89   XT
       180.00          214.14    1.47661       101.07     7519.35   XT
       190.00          214.14    1.53801        94.45     8046.65   XT
       200.00          214.14    1.51969        93.17     8157.34   XX

 Beta factors refered to the unit axial skin stress.

 Residual strength is based on the reference stress.

 Key for stiffeners status: I=Intact
                            T=Transición
                            X=Failed
